AA/build/outputs/logs/manifest-merger-debug-report.txt
-- Merging decision tree log ---
manifest
ADDED from src\main\AndroidManifest.xml:2:1-82:12
	package
		ADDED from src\main\AndroidManifest.xml:3:7-27
		INJECTED from src\main\AndroidManifest.xml
		INJECTED from src\main\AndroidManifest.xml
	android:sharedUserId
		ADDED from src\main\AndroidManifest.xml:3:28-61
	android:versionName
		ADDED from src\main\AndroidManifest.xml:4:31-58
		INJECTED from src\main\AndroidManifest.xml
		INJECTED from src\main\AndroidManifest.xml
	android:versionCode
		ADDED from src\main\AndroidManifest.xml:4:7-30
		INJECTED from src\main\AndroidManifest.xml
		INJECTED from src\main\AndroidManifest.xml
	xmlns:android
		ADDED from src\main\AndroidManifest.xml:2:11-69
	android:installLocation
		ADDED from src\main\AndroidManifest.xml:5:7-47
uses-sdk
ADDED from src\main\AndroidManifest.xml:7:5-73
	android:targetSdkVersion
		ADDED from src\main\AndroidManifest.xml:7:41-70
		INJECTED from src\main\AndroidManifest.xml
		INJECTED from src\main\AndroidManifest.xml
	android:minSdkVersion
		ADDED from src\main\AndroidManifest.xml:7:15-40
		INJECTED from src\main\AndroidManifest.xml
		INJECTED from src\main\AndroidManifest.xml
application
ADDED from src\main\AndroidManifest.xml:18:5-81:19
	android:label
		ADDED from src\main\AndroidManifest.xml:20:18-50
	android:icon
		ADDED from src\main\AndroidManifest.xml:19:18-50
	android:name
		ADDED from src\main\AndroidManifest.xml:18:18-35
activity#efan.zz.aa.android.activity.WelcomeAA
ADDED from src\main\AndroidManifest.xml:27:9-34:20
	android:windowSoftInputMode
		ADDED from src\main\AndroidManifest.xml:28:13-54
	android:name
		ADDED from src\main\AndroidManifest.xml:27:19-61
intent-filter#android.intent.action.MAIN+android.intent.category.LAUNCHER
ADDED from src\main\AndroidManifest.xml:30:13-33:29
action#android.intent.action.MAIN
ADDED from src\main\AndroidManifest.xml:31:17-69
	android:name
		ADDED from src\main\AndroidManifest.xml:31:25-66
category#android.intent.category.LAUNCHER
ADDED from src\main\AndroidManifest.xml:32:17-77
	android:name
		ADDED from src\main\AndroidManifest.xml:32:27-74
activity#efan.zz.aa.android.activity.AcupointDetail
ADDED from src\main\AndroidManifest.xml:36:9-41:20
	android:name
		ADDED from src\main\AndroidManifest.xml:36:19-66
intent-filter#android.intent.action.VIEW+android.intent.category.PREFERENCE
ADDED from src\main\AndroidManifest.xml:37:13-40:29
action#android.intent.action.VIEW
ADDED from src\main\AndroidManifest.xml:38:17-69
	android:name
		ADDED from src\main\AndroidManifest.xml:38:25-66
category#android.intent.category.PREFERENCE
ADDED from src\main\AndroidManifest.xml:39:17-79
	android:name
		ADDED from src\main\AndroidManifest.xml:39:27-76
activity#efan.zz.aa.android.activity.AcupointDetailEdit
ADDED from src\main\AndroidManifest.xml:42:9-49:20
	android:windowSoftInputMode
		ADDED from src\main\AndroidManifest.xml:43:13-54
	android:name
		ADDED from src\main\AndroidManifest.xml:42:19-70
intent-filter#android.intent.action.EDIT+android.intent.category.PREFERENCE
ADDED from src\main\AndroidManifest.xml:45:13-48:29
action#android.intent.action.EDIT
ADDED from src\main\AndroidManifest.xml:46:17-69
	android:name
		ADDED from src\main\AndroidManifest.xml:46:25-66
activity#efan.zz.aa.android.activity.GlobalGallery
ADDED from src\main\AndroidManifest.xml:52:9-57:20
	android:name
		ADDED from src\main\AndroidManifest.xml:52:19-65
activity#efan.zz.aa.android.activity.AcuMapper
ADDED from src\main\AndroidManifest.xml:59:9-64:20
	android:name
		ADDED from src\main\AndroidManifest.xml:59:19-61
activity#efan.zz.aa.android.activity.RestGallery
ADDED from src\main\AndroidManifest.xml:67:9-72:20
	android:name
		ADDED from src\main\AndroidManifest.xml:67:19-63
activity#efan.zz.aa.android.activity.CreditList
ADDED from src\main\AndroidManifest.xml:74:9-79:20
	android:name
		ADDED from src\main\AndroidManifest.xml:74:19-62